<?xml version="1.0" encoding="UTF-8"?>
<testng-results ignored="0" total="1" passed="1" failed="0" skipped="0">
  <reporter-output>
  </reporter-output>
  <suite started-at="2022-06-27T10:43:50 IST" name="Suite" finished-at="2022-06-27T10:43:52 IST" duration-ms="1246">
    <groups>
    </groups>
    <test started-at="2022-06-27T10:43:50 IST" name="Test" finished-at="2022-06-27T10:43:52 IST" duration-ms="1246">
      <class name="test.LoginPageTest">
        <test-method is-config="true" signature="initbrowser()[pri:0, instance:test.LoginPageTest@485966cc]" started-at="2022-06-27T10:43:41 IST" name="initbrowser" finished-at="2022-06-27T10:43:50 IST" duration-ms="9411" status="PASS">
          <reporter-output>
          </reporter-output>
        </test-method> <!-- initbrowser -->
        <test-method is-config="true" signature="objectcreation()[pri:0, instance:test.LoginPageTest@485966cc]" started-at="2022-06-27T10:43:50 IST" name="objectcreation" finished-at="2022-06-27T10:43:50 IST" duration-ms="39" status="PASS">
          <reporter-output>
          </reporter-output>
        </test-method> <!-- objectcreation -->
        <test-method signature="verifylogin()[pri:0, instance:test.LoginPageTest@485966cc]" started-at="2022-06-27T10:43:50 IST" name="verifylogin" finished-at="2022-06-27T10:43:52 IST" duration-ms="1142" status="PASS">
          <reporter-output>
          </reporter-output>
        </test-method> <!-- verifylogin -->
        <test-method is-config="true" signature="teardown()[pri:0, instance:test.LoginPageTest@485966cc]" started-at="2022-06-27T10:43:52 IST" name="teardown" finished-at="2022-06-27T10:43:53 IST" duration-ms="956" status="PASS">
          <reporter-output>
          </reporter-output>
        </test-method> <!-- teardown -->
      </class> <!-- test.LoginPageTest -->
    </test> <!-- Test -->
  </suite> <!-- Suite -->
</testng-results>
